# JRE version: Java(TM) SE Runtime Environment 18.9 (11.0.15+8) (build 11.0.15+8-LTS-149)
# Java VM: Java HotSpot(TM) 64-Bit Server VM 18.9 (11.0.15+8-LTS-149, mixed mode, tiered, compressed oops, g1 gc, windows-amd64)
Heap:
 garbage-first heap   total 260096K, used 47283K [0x0000000702400000, 0x0000000800000000)
  region size 1024K, 6 young (6144K), 1 survivors (1024K)
 Metaspace       used 34155K, capacity 35831K, committed 36096K, reserved 1081344K
  class space    used 4227K, capacity 4897K, committed 4992K, reserved 1048576K
GC Heap History (10 events):
Event: 1.080 GC heap before
{Heap before GC invocations=0 (full 0):
 garbage-first heap   total 260096K, used 31744K [0x0000000702400000, 0x0000000800000000)
  region size 1024K, 24 young (24576K), 0 survivors (0K)
 Metaspace       used 14258K, capacity 14645K, committed 14720K, reserved 1062912K
  class space    used 1709K, capacity 1898K, committed 1920K, reserved 1048576K
}
Event: 1.085 GC heap after
{Heap after GC invocations=1 (full 0):
 garbage-first heap   total 260096K, used 7206K [0x0000000702400000, 0x0000000800000000)
  region size 1024K, 3 young (3072K), 3 survivors (3072K)
 Metaspace       used 14258K, capacity 14645K, committed 14720K, reserved 1062912K
  class space    used 1709K, capacity 1898K, committed 1920K, reserved 1048576K
}
Event: 2.823 GC heap before
{Heap before GC invocations=1 (full 0):
 garbage-first heap   total 260096K, used 25638K [0x0000000702400000, 0x0000000800000000)
  region size 1024K, 19 young (19456K), 3 survivors (3072K)
 Metaspace       used 20611K, capacity 21137K, committed 21248K, reserved 1067008K
  class space    used 2457K, capacity 2714K, committed 2816K, reserved 1048576K
}
Event: 2.829 GC heap after
{Heap after GC invocations=2 (full 0):
 garbage-first heap   total 260096K, used 13478K [0x0000000702400000, 0x0000000800000000)
  region size 1024K, 7 young (7168K), 7 survivors (7168K)
 Metaspace       used 20611K, capacity 21137K, committed 21248K, reserved 1067008K
  class space    used 2457K, capacity 2714K, committed 2816K, reserved 1048576K
}
Event: 9.007 GC heap before
{Heap before GC invocations=3 (full 0):
 garbage-first heap   total 260096K, used 50342K [0x0000000702400000, 0x0000000800000000)
  region size 1024K, 40 young (40960K), 7 survivors (7168K)
 Metaspace       used 30244K, capacity 31238K, committed 31360K, reserved 1077248K
  class space    used 3772K, capacity 4199K, committed 4224K, reserved 1048576K
}
Event: 9.015 GC heap after
{Heap after GC invocations=4 (full 0):
 garbage-first heap   total 260096K, used 20945K [0x0000000702400000, 0x0000000800000000)
  region size 1024K, 5 young (5120K), 5 survivors (5120K)
 Metaspace       used 30244K, capacity 31238K, committed 31360K, reserved 1077248K
  class space    used 3772K, capacity 4199K, committed 4224K, reserved 1048576K
}
Event: 92.036 GC heap before
{Heap before GC invocations=4 (full 0):
 garbage-first heap   total 260096K, used 116177K [0x0000000702400000, 0x0000000800000000)
  region size 1024K, 99 young (101376K), 5 survivors (5120K)
 Metaspace       used 34130K, capacity 35702K, committed 35840K, reserved 1081344K
  class space    used 4227K, capacity 4897K, committed 4992K, reserved 1048576K
}
Event: 92.050 GC heap after
{Heap after GC invocations=5 (full 0):
 garbage-first heap   total 260096K, used 41783K [0x0000000702400000, 0x0000000800000000)
  region size 1024K, 19 young (19456K), 19 survivors (19456K)
 Metaspace       used 34130K, capacity 35702K, committed 35840K, reserved 1081344K
  class space    used 4227K, capacity 4897K, committed 4992K, reserved 1048576K
}
Event: 92.253 GC heap before
{Heap before GC invocations=6 (full 0):
 garbage-first heap   total 260096K, used 42807K [0x0000000702400000, 0x0000000800000000)
  region size 1024K, 20 young (20480K), 19 survivors (19456K)
 Metaspace       used 34132K, capacity 35766K, committed 36096K, reserved 1081344K
  class space    used 4227K, capacity 4897K, committed 4992K, reserved 1048576K
}
Event: 92.265 GC heap after
{Heap after GC invocations=7 (full 0):
 garbage-first heap   total 260096K, used 43187K [0x0000000702400000, 0x0000000800000000)
  region size 1024K, 1 young (1024K), 1 survivors (1024K)
 Metaspace       used 34132K, capacity 35766K, committed 36096K, reserved 1081344K
  class space    used 4227K, capacity 4897K, committed 4992K, reserved 1048576K
}

